@05/05/2017

Resuelto el problema con el orden de ejecución de las tareas. Cuando teníamos muchas plantillas que construir no se ejecutaban correctamente. 

@17/04/2017

1.- Hemos añadido una solución css para eliminar el sombreado a los elementos de formulario en dispositivos moviles (scss/02-generic/_generic__reset.scss). También se ha añadido una solución css al auto-zoom del texto en dispositivos (scss/03-elements/_elements__body.scss).


@05/04/2017

Resuelto el problema copy__assets. Ya copia la estructura correctamente en build. 
DEL FILE: copy__assets.js
ADD FILE: copy__img.js
ADD FILE: copy__media.js

@04/04/2014

Add:        Nuevo objecto para el sistema de grid basado en inline-block.
Add:        Inlcude para los triunfos, para que no generen un CSS innecesario.
Update:     _config__project.scss
Resolved:   Corregido el problema que teníamos con los puntos de corte.

@31/03/2017

Corregido el problema de la tarea copy:assets

@30/03/2017

Incluida funcionalidad para las fuentes del proyecto.

@28/03/2017

Las variables locales que se definieron en el fichero gulpfiles.js con el simbolo "$" delante nos han dado problemas con la nuevas veriones de node.
Hemos tenido que cambiarlas y añadir el prefijo g[Nombre de la variable] para actualizar el proyecto.

@22/03/2017

1.- Hemos tenido problemas con la instalación de los paquetes de "gulp-accessibility": "^3.0.1", & "gulp-wcag-accessibility": "0.0.1". Por ahora los quitamos de package.json para que no bloquee las instalaciones. 
